[31mfatal[39m: GET /api/users - ERRORS IS NOT DEFINED
[33merror[39m: GET /api/users - NOT FOUND
[31mfatal[39m: GET /api/users - CANNOT READ PROPERTIES OF UNDEFINED (READING 'LENGTH')
[31mfatal[39m: GET /api/users - CANNOT READ PROPERTIES OF UNDEFINED (READING 'LENGTH')
[31mfatal[39m: GET /api/users - NEXT IS NOT A FUNCTION
[31mfatal[39m: GET /api/users - NEXT IS NOT A FUNCTION
[31mfatal[39m: GET /api/users - OPERATION `USERS.FIND()` BUFFERING TIMED OUT AFTER 10000MS
[33merror[39m: GET /api/users - NOT FOUND
[31mfatal[39m: GET /api/users - THIS.DAO.GET IS NOT A FUNCTION
[31mfatal[39m: GET /api/users/simplex - CAST TO OBJECTID FAILED FOR VALUE "SIMPLEX" (TYPE STRING) AT PATH "_ID" FOR MODEL "USERS"
[31mfatal[39m: GET /api/users/mock - CAST TO OBJECTID FAILED FOR VALUE "MOCK" (TYPE STRING) AT PATH "_ID" FOR MODEL "USERS"
[31mfatal[39m: DELETE /api/users/6727d0270f423618d8e5840a - THIS.DAO.DELETE IS NOT A FUNCTION
[31mfatal[39m: DELETE /api/users/6727d0270f423618d8e5840a - PID IS NOT DEFINED
[31mfatal[39m: GET /api/users/undefined - CAST TO OBJECTID FAILED FOR VALUE "UNDEFINED" (TYPE STRING) AT PATH "_ID" FOR MODEL "USERS"
[31mfatal[39m: GET /api/users/undefined - CAST TO OBJECTID FAILED FOR VALUE "UNDEFINED" (TYPE STRING) AT PATH "_ID" FOR MODEL "USERS"
[31mfatal[39m: GET /api/users/undefined - CAST TO OBJECTID FAILED FOR VALUE "UNDEFINED" (TYPE STRING) AT PATH "_ID" FOR MODEL "USERS"
[31mfatal[39m: GET /api/users/undefined - CAST TO OBJECTID FAILED FOR VALUE "UNDEFINED" (TYPE STRING) AT PATH "_ID" FOR MODEL "USERS"
[31mfatal[39m: GET /api/users/undefined - CAST TO OBJECTID FAILED FOR VALUE "UNDEFINED" (TYPE STRING) AT PATH "_ID" FOR MODEL "USERS"
[31mfatal[39m: GET /api/users/undefined - CAST TO OBJECTID FAILED FOR VALUE "UNDEFINED" (TYPE STRING) AT PATH "_ID" FOR MODEL "USERS"
[31mfatal[39m: GET /api/users/undefined - CAST TO OBJECTID FAILED FOR VALUE "UNDEFINED" (TYPE STRING) AT PATH "_ID" FOR MODEL "USERS"
[31mfatal[39m: GET /api/users/:undefined - CAST TO OBJECTID FAILED FOR VALUE ":UNDEFINED" (TYPE STRING) AT PATH "_ID" FOR MODEL "USERS"
[31mfatal[39m: GET /api/users/undefined - CAST TO OBJECTID FAILED FOR VALUE "UNDEFINED" (TYPE STRING) AT PATH "_ID" FOR MODEL "USERS"
[31mfatal[39m: GET /api/users/undefined - CAST TO OBJECTID FAILED FOR VALUE "UNDEFINED" (TYPE STRING) AT PATH "_ID" FOR MODEL "USERS"
[31mfatal[39m: GET /api/users/undefined - CAST TO OBJECTID FAILED FOR VALUE "UNDEFINED" (TYPE STRING) AT PATH "_ID" FOR MODEL "USERS"
[31mfatal[39m: GET /api/users/undefined - CAST TO OBJECTID FAILED FOR VALUE "UNDEFINED" (TYPE STRING) AT PATH "_ID" FOR MODEL "USERS"
[31mfatal[39m: GET /api/users/undefined - CAST TO OBJECTID FAILED FOR VALUE "UNDEFINED" (TYPE STRING) AT PATH "_ID" FOR MODEL "USERS"
[33merror[39m: GET /api/users - NOT FOUND
[33merror[39m: GET /api/users - NOT FOUND
[31mfatal[39m: PUT /api/users/676187b1d6fc0b1737127cc0 - THIS.DAO.UPDATE IS NOT A FUNCTION
[31mfatal[39m: PUT /api/products/6716d1f783e83ce46db4f90a - FIRST ARGUMENT TO `MODEL` CONSTRUCTOR MUST BE AN OBJECT, **NOT** A STRING. MAKE SURE YOU'RE CALLING `MONGOOSE.MODEL()`, NOT `MONGOOSE.MODEL()`.
[31mfatal[39m: PUT /api/products/6716d1f783e83ce46db4f90a - FIRST ARGUMENT TO `MODEL` CONSTRUCTOR MUST BE AN OBJECT, **NOT** A STRING. MAKE SURE YOU'RE CALLING `MONGOOSE.MODEL()`, NOT `MONGOOSE.MODEL()`.
[31mfatal[39m: PUT /api/products/6716d1f783e83ce46db4f90a - FIRST ARGUMENT TO `MODEL` CONSTRUCTOR MUST BE AN OBJECT, **NOT** A STRING. MAKE SURE YOU'RE CALLING `MONGOOSE.MODEL()`, NOT `MONGOOSE.MODEL()`.
[31mfatal[39m: PUT /api/products/6716d1f783e83ce46db4f90a - FIRST ARGUMENT TO `MODEL` CONSTRUCTOR MUST BE AN OBJECT, **NOT** A STRING. MAKE SURE YOU'RE CALLING `MONGOOSE.MODEL()`, NOT `MONGOOSE.MODEL()`.
[31mfatal[39m: PUT /api/products/6716d1f783e83ce46db4f90a - FIRST ARGUMENT TO `MODEL` CONSTRUCTOR MUST BE AN OBJECT, **NOT** A STRING. MAKE SURE YOU'RE CALLING `MONGOOSE.MODEL()`, NOT `MONGOOSE.MODEL()`.
[31mfatal[39m: PUT /api/users/676187b1d6fc0b1737127cc0 - THIS.DAO.UPDATE IS NOT A FUNCTION
[31mfatal[39m: PUT /api/products/6716d1f783e83ce46db4f90a - PRODUCTS VALIDATION FAILED: CODE: PATH `CODE` IS REQUIRED., TITLE: PATH `TITLE` IS REQUIRED.
[31mfatal[39m: PUT /api/products/6716d1f783e83ce46db4f90a - PRODUCTS VALIDATION FAILED: CODE: PATH `CODE` IS REQUIRED., TITLE: PATH `TITLE` IS REQUIRED.
[31mfatal[39m: PUT /api/products/6716d1f783e83ce46db4f90a - E11000 DUPLICATE KEY ERROR COLLECTION: 70030-DEV.PRODUCTS INDEX: TITLE_1 DUP KEY: { TITLE: NULL }
[31mfatal[39m: PUT /api/products/6716d1f783e83ce46db4f90a - E11000 DUPLICATE KEY ERROR COLLECTION: 70030-DEV.PRODUCTS INDEX: TITLE_1 DUP KEY: { TITLE: NULL }
[31mfatal[39m: PUT /api/products/6716d1f783e83ce46db4f90a - E11000 DUPLICATE KEY ERROR COLLECTION: 70030-DEV.PRODUCTS INDEX: TITLE_1 DUP KEY: { TITLE: NULL }
[31mfatal[39m: PUT /api/products/6716d1f783e83ce46db4f90a - E11000 DUPLICATE KEY ERROR COLLECTION: 70030-DEV.PRODUCTS INDEX: TITLE_1 DUP KEY: { TITLE: NULL }
[31mfatal[39m: PUT /api/products/6716d1f783e83ce46db4f90a - E11000 DUPLICATE KEY ERROR COLLECTION: 70030-DEV.PRODUCTS INDEX: TITLE_1 DUP KEY: { TITLE: NULL }
[31mfatal[39m: PUT /api/products/6716d1f783e83ce46db4f90a - FIRST ARGUMENT TO `MODEL` CONSTRUCTOR MUST BE AN OBJECT, **NOT** A STRING. MAKE SURE YOU'RE CALLING `MONGOOSE.MODEL()`, NOT `MONGOOSE.MODEL()`.
[31mfatal[39m: GET /api/products/67293bd2b053ed3c3ee7ce1d - THIS.DAO.GETBYID IS NOT A FUNCTION
[33merror[39m: POST /api/products/ - CLIENT ERROR
[33merror[39m: POST /api/products/ - CLIENT ERROR
[31mfatal[39m: PUT /api/products/6716d1f783e83ce46db4f90a - FIRST ARGUMENT TO `MODEL` CONSTRUCTOR MUST BE AN OBJECT, **NOT** A STRING. MAKE SURE YOU'RE CALLING `MONGOOSE.MODEL()`, NOT `MONGOOSE.MODEL()`.
[31mfatal[39m: PUT /api/products/6716d1f783e83ce46db4f90a - E11000 DUPLICATE KEY ERROR COLLECTION: 70030-DEV.PRODUCTS INDEX: TITLE_1 DUP KEY: { TITLE: NULL }
[31mfatal[39m: PUT /api/products/6716d1f783e83ce46db4f90a - E11000 DUPLICATE KEY ERROR COLLECTION: 70030-DEV.PRODUCTS INDEX: _ID_ DUP KEY: { _ID: OBJECTID('6716D1F783E83CE46DB4F90A') }
[31mfatal[39m: PUT /api/products/6716d1f783e83ce46db4f90a - E11000 DUPLICATE KEY ERROR COLLECTION: 70030-DEV.PRODUCTS INDEX: _ID_ DUP KEY: { _ID: OBJECTID('6716D1F783E83CE46DB4F90A') }
[31mfatal[39m: GET /api/products/67293c6fb053ed3c3ee7ce26 - THIS.DAO.GETBYID IS NOT A FUNCTION
[31mfatal[39m: PUT /api/users/676187b1d6fc0b1737127cc0 - THIS.DAO.UPDATE IS NOT A FUNCTION
[31mfatal[39m: GET /api/users/undefined - CAST TO OBJECTID FAILED FOR VALUE "UNDEFINED" (TYPE STRING) AT PATH "_ID" FOR MODEL "USERS"
[31mfatal[39m: PUT /api/users/undefined - CAST TO OBJECTID FAILED FOR VALUE "UNDEFINED" (TYPE STRING) AT PATH "_ID" FOR MODEL "USERS"
[31mfatal[39m: GET /api/users/undefined - CAST TO OBJECTID FAILED FOR VALUE "UNDEFINED" (TYPE STRING) AT PATH "_ID" FOR MODEL "USERS"
[31mfatal[39m: PUT /api/users/undefined - CAST TO OBJECTID FAILED FOR VALUE "UNDEFINED" (TYPE STRING) AT PATH "_ID" FOR MODEL "USERS"
[31mfatal[39m: GET /api/users/undefined - CAST TO OBJECTID FAILED FOR VALUE "UNDEFINED" (TYPE STRING) AT PATH "_ID" FOR MODEL "USERS"
[31mfatal[39m: PUT /api/users/undefined - CAST TO OBJECTID FAILED FOR VALUE "UNDEFINED" (TYPE STRING) AT PATH "_ID" FOR MODEL "USERS"
[31mfatal[39m: GET /api/users/undefined - CAST TO OBJECTID FAILED FOR VALUE "UNDEFINED" (TYPE STRING) AT PATH "_ID" FOR MODEL "USERS"
[31mfatal[39m: PUT /api/users/undefined - CAST TO OBJECTID FAILED FOR VALUE "UNDEFINED" (TYPE STRING) AT PATH "_ID" FOR MODEL "USERS"
[31mfatal[39m: GET /api/users/undefined - CAST TO OBJECTID FAILED FOR VALUE "UNDEFINED" (TYPE STRING) AT PATH "_ID" FOR MODEL "USERS"
[31mfatal[39m: PUT /api/users/undefined - CAST TO OBJECTID FAILED FOR VALUE "UNDEFINED" (TYPE STRING) AT PATH "_ID" FOR MODEL "USERS"
[31mfatal[39m: GET /api/users/undefined - CAST TO OBJECTID FAILED FOR VALUE "UNDEFINED" (TYPE STRING) AT PATH "_ID" FOR MODEL "USERS"
[31mfatal[39m: PUT /api/users/undefined - CAST TO OBJECTID FAILED FOR VALUE "UNDEFINED" (TYPE STRING) AT PATH "_ID" FOR MODEL "USERS"
[31mfatal[39m: GET /api/users/undefined - CAST TO OBJECTID FAILED FOR VALUE "UNDEFINED" (TYPE STRING) AT PATH "_ID" FOR MODEL "USERS"
[31mfatal[39m: PUT /api/users/undefined - CAST TO OBJECTID FAILED FOR VALUE "UNDEFINED" (TYPE STRING) AT PATH "_ID" FOR MODEL "USERS"
[31mfatal[39m: GET /api/users/undefined - CAST TO OBJECTID FAILED FOR VALUE "UNDEFINED" (TYPE STRING) AT PATH "_ID" FOR MODEL "USERS"
[31mfatal[39m: PUT /api/users/undefined - CAST TO OBJECTID FAILED FOR VALUE "UNDEFINED" (TYPE STRING) AT PATH "_ID" FOR MODEL "USERS"
[31mfatal[39m: GET /api/users/undefined - CAST TO OBJECTID FAILED FOR VALUE "UNDEFINED" (TYPE STRING) AT PATH "_ID" FOR MODEL "USERS"
[31mfatal[39m: PUT /api/users/undefined - CAST TO OBJECTID FAILED FOR VALUE "UNDEFINED" (TYPE STRING) AT PATH "_ID" FOR MODEL "USERS"
